<?xml version="1.0" encoding="UTF-8"?>
<!-- Generated by org.testng.reporters.JUnitXMLReporter -->
<testsuite ignored="0" hostname="MSI" failures="0" tests="4" name="Surefire test" time="0.046" errors="0" timestamp="2025-11-07T15:03:51 IST">
  <testcase classname="Sample.Test1" name="CreateContactTest" time="0.006"/>
  <testcase classname="Sample.Test1" name="CreateContactwithDateTest" time="0.0"/>
  <testcase classname="Sample.Test2" name="CreateOrg" time="0.001"/>
  <testcase classname="Sample.Test2" name="CreateOrgwithPhonenumber" time="0.0"/>
</testsuite> <!-- Surefire test -->
