<?xml version="1.0" encoding="UTF-8"?>
<testng-results ignored="0" total="4" passed="4" failed="0" skipped="0">
  <reporter-output>
  </reporter-output>
  <suite started-at="2025-11-11T12:53:47 IST" name="Suite" finished-at="2025-11-11T12:53:47 IST" duration-ms="54">
    <groups>
    </groups>
    <test started-at="2025-11-11T12:53:47 IST" name="Test" finished-at="2025-11-11T12:53:47 IST" duration-ms="54">
      <class name="Sample.Test1">
        <test-method signature="CreateContactTest()[pri:0, instance:Sample.Test1@52e6fdee]" started-at="2025-11-11T12:53:47 IST" name="CreateContactTest" finished-at="2025-11-11T12:53:47 IST" duration-ms="2" status="PASS">
          <reporter-output>
          </reporter-output>
        </test-method> <!-- CreateContactTest -->
        <test-method signature="CreateContactwithDateTest()[pri:0, instance:Sample.Test1@52e6fdee]" started-at="2025-11-11T12:53:47 IST" name="CreateContactwithDateTest" finished-at="2025-11-11T12:53:47 IST" duration-ms="1" status="PASS">
          <reporter-output>
          </reporter-output>
        </test-method> <!-- CreateContactwithDateTest -->
      </class> <!-- Sample.Test1 -->
      <class name="Sample.Test2">
        <test-method signature="CreateOrgTest()[pri:0, instance:Sample.Test2@384ad17b]" started-at="2025-11-11T12:53:47 IST" name="CreateOrgTest" finished-at="2025-11-11T12:53:47 IST" duration-ms="5" status="PASS">
          <reporter-output>
          </reporter-output>
        </test-method> <!-- CreateOrgTest -->
        <test-method signature="CreateOrgwithPhonenumberTest()[pri:0, instance:Sample.Test2@384ad17b]" started-at="2025-11-11T12:53:47 IST" name="CreateOrgwithPhonenumberTest" finished-at="2025-11-11T12:53:47 IST" duration-ms="0" status="PASS">
          <reporter-output>
          </reporter-output>
        </test-method> <!-- CreateOrgwithPhonenumberTest -->
      </class> <!-- Sample.Test2 -->
    </test> <!-- Test -->
  </suite> <!-- Suite -->
</testng-results>
