<?xml version="1.0" encoding="UTF-8"?>
<!-- Generated by org.testng.reporters.JUnitXMLReporter -->
<testsuite ignored="0" hostname="MSI" failures="0" tests="4" name="Test" time="0.054" errors="0" timestamp="2025-11-11T12:53:47 IST">
  <testcase classname="Sample.Test2" name="CreateOrgTest" time="0.005"/>
  <testcase classname="Sample.Test2" name="CreateOrgwithPhonenumberTest" time="0.0"/>
  <testcase classname="Sample.Test1" name="CreateContactTest" time="0.002"/>
  <testcase classname="Sample.Test1" name="CreateContactwithDateTest" time="0.001"/>
</testsuite> <!-- Test -->
