<?xml version="1.0" encoding="UTF-8"?>
<testng-results ignored="1" total="2" passed="1" failed="0" skipped="0">
  <reporter-output>
  </reporter-output>
  <suite started-at="2025-11-10T11:48:08 IST" name="Default suite" finished-at="2025-11-10T11:48:09 IST" duration-ms="71">
    <groups>
    </groups>
    <test started-at="2025-11-10T11:48:08 IST" name="Default test" finished-at="2025-11-10T11:48:09 IST" duration-ms="71">
      <class name="Sample.Test1">
        <test-method signature="CreateContactTest()[pri:0, instance:Sample.Test1@3e694b3f]" started-at="2025-11-10T11:48:09 IST" name="CreateContactTest" finished-at="2025-11-10T11:48:09 IST" duration-ms="15" status="PASS">
          <reporter-output>
          </reporter-output>
        </test-method> <!-- CreateContactTest -->
      </class> <!-- Sample.Test1 -->
    </test> <!-- Default test -->
  </suite> <!-- Default suite -->
</testng-results>
